  Actor.cpp
D:\bbb uni\tercero\sev\Stardew\Stardew\Actor.cpp(10,17): warning C4244: 'argument': conversion from 'float' to 'int', possible loss of data
D:\bbb uni\tercero\sev\Stardew\Stardew\Actor.cpp(10,14): warning C4244: 'argument': conversion from 'float' to 'int', possible loss of data
D:\bbb uni\tercero\sev\Stardew\Stardew\Actor.cpp(23,32): warning C4244: '=': conversion from 'float' to 'int', possible loss of data
D:\bbb uni\tercero\sev\Stardew\Stardew\Actor.cpp(24,33): warning C4244: '=': conversion from 'float' to 'int', possible loss of data
D:\bbb uni\tercero\sev\Stardew\Stardew\Actor.cpp(41,21): warning C4838: conversion from 'float' to 'int' requires a narrowing conversion
D:\bbb uni\tercero\sev\Stardew\Stardew\Actor.cpp(41,21): warning C4244: 'initializing': conversion from 'float' to 'int', possible loss of data
D:\bbb uni\tercero\sev\Stardew\Stardew\Actor.cpp(41,25): warning C4838: conversion from 'float' to 'int' requires a narrowing conversion
D:\bbb uni\tercero\sev\Stardew\Stardew\Actor.cpp(41,25): warning C4244: 'initializing': conversion from 'float' to 'int', possible loss of data
D:\bbb uni\tercero\sev\Stardew\Stardew\Actor.cpp(45,12): warning C4244: '=': conversion from 'int' to 'float', possible loss of data
D:\bbb uni\tercero\sev\Stardew\Stardew\Actor.cpp(46,12): warning C4244: '=': conversion from 'int' to 'float', possible loss of data
  Background.cpp
  BoundingBox.cpp
  Broccoli.cpp
  Casa.cpp
  Crop.cpp
  CropBuyer.cpp
  CropFactory.cpp
  Eggplant.cpp
  Field.cpp
  Game.cpp
D:\bbb uni\tercero\sev\Stardew\Stardew\Game.cpp(69,56): warning C4244: 'argument': conversion from 'float' to 'int', possible loss of data
D:\bbb uni\tercero\sev\Stardew\Stardew\Game.cpp(69,35): warning C4244: 'argument': conversion from 'float' to 'int', possible loss of data
  GameLayer.cpp
D:\bbb uni\tercero\sev\Stardew\Stardew\GameLayer.cpp(22,46): warning C4244: 'argument': conversion from 'float' to 'int', possible loss of data
D:\bbb uni\tercero\sev\Stardew\Stardew\GameLayer.cpp(22,35): warning C4244: 'argument': conversion from 'float' to 'int', possible loss of data
D:\bbb uni\tercero\sev\Stardew\Stardew\GameLayer.cpp(39,46): warning C4305: 'argument': truncation from 'double' to 'float'
D:\bbb uni\tercero\sev\Stardew\Stardew\GameLayer.cpp(41,40): warning C4244: 'argument': conversion from 'float' to 'int', possible loss of data
D:\bbb uni\tercero\sev\Stardew\Stardew\GameLayer.cpp(41,31): warning C4244: 'argument': conversion from 'float' to 'int', possible loss of data
D:\bbb uni\tercero\sev\Stardew\Stardew\GameLayer.cpp(45,56): warning C4305: 'argument': truncation from 'double' to 'float'
D:\bbb uni\tercero\sev\Stardew\Stardew\GameLayer.cpp(47,58): warning C4244: 'argument': conversion from 'float' to 'int', possible loss of data
D:\bbb uni\tercero\sev\Stardew\Stardew\GameLayer.cpp(47,43): warning C4244: 'argument': conversion from 'float' to 'int', possible loss of data
D:\bbb uni\tercero\sev\Stardew\Stardew\GameLayer.cpp(51,55): warning C4305: 'argument': truncation from 'double' to 'float'
D:\bbb uni\tercero\sev\Stardew\Stardew\GameLayer.cpp(53,55): warning C4244: 'argument': conversion from 'float' to 'int', possible loss of data
D:\bbb uni\tercero\sev\Stardew\Stardew\GameLayer.cpp(53,41): warning C4244: 'argument': conversion from 'float' to 'int', possible loss of data
D:\bbb uni\tercero\sev\Stardew\Stardew\GameLayer.cpp(99,16): warning C4244: 'argument': conversion from 'int' to 'float', possible loss of data
D:\bbb uni\tercero\sev\Stardew\Stardew\GameLayer.cpp(100,16): warning C4244: 'argument': conversion from 'int' to 'float', possible loss of data
D:\bbb uni\tercero\sev\Stardew\Stardew\GameLayer.cpp(239,42): warning C4244: 'argument': conversion from 'float' to 'int', possible loss of data
D:\bbb uni\tercero\sev\Stardew\Stardew\GameLayer.cpp(239,33): warning C4244: 'argument': conversion from 'float' to 'int', possible loss of data
D:\bbb uni\tercero\sev\Stardew\Stardew\GameLayer.cpp(248,67): warning C4244: 'argument': conversion from 'float' to 'int', possible loss of data
D:\bbb uni\tercero\sev\Stardew\Stardew\GameLayer.cpp(248,58): warning C4244: 'argument': conversion from 'float' to 'int', possible loss of data
D:\bbb uni\tercero\sev\Stardew\Stardew\GameLayer.cpp(329,24): warning C4244: 'argument': conversion from 'float' to 'int', possible loss of data
D:\bbb uni\tercero\sev\Stardew\Stardew\GameLayer.cpp(329,15): warning C4244: 'argument': conversion from 'float' to 'int', possible loss of data
D:\bbb uni\tercero\sev\Stardew\Stardew\GameLayer.cpp(334,23): warning C4244: 'argument': conversion from 'float' to 'int', possible loss of data
D:\bbb uni\tercero\sev\Stardew\Stardew\GameLayer.cpp(334,14): warning C4244: 'argument': conversion from 'float' to 'int', possible loss of data
D:\bbb uni\tercero\sev\Stardew\Stardew\GameLayer.cpp(339,23): warning C4244: 'argument': conversion from 'float' to 'int', possible loss of data
D:\bbb uni\tercero\sev\Stardew\Stardew\GameLayer.cpp(339,14): warning C4244: 'argument': conversion from 'float' to 'int', possible loss of data
D:\bbb uni\tercero\sev\Stardew\Stardew\GameLayer.cpp(344,23): warning C4244: 'argument': conversion from 'float' to 'int', possible loss of data
D:\bbb uni\tercero\sev\Stardew\Stardew\GameLayer.cpp(344,14): warning C4244: 'argument': conversion from 'float' to 'int', possible loss of data
D:\bbb uni\tercero\sev\Stardew\Stardew\GameLayer.cpp(349,23): warning C4244: 'argument': conversion from 'float' to 'int', possible loss of data
D:\bbb uni\tercero\sev\Stardew\Stardew\GameLayer.cpp(349,14): warning C4244: 'argument': conversion from 'float' to 'int', possible loss of data
D:\bbb uni\tercero\sev\Stardew\Stardew\GameLayer.cpp(353,28): warning C4244: 'argument': conversion from 'float' to 'int', possible loss of data
D:\bbb uni\tercero\sev\Stardew\Stardew\GameLayer.cpp(353,19): warning C4244: 'argument': conversion from 'float' to 'int', possible loss of data
D:\bbb uni\tercero\sev\Stardew\Stardew\GameLayer.cpp(354,27): warning C4244: 'argument': conversion from 'float' to 'int', possible loss of data
D:\bbb uni\tercero\sev\Stardew\Stardew\GameLayer.cpp(354,18): warning C4244: 'argument': conversion from 'float' to 'int', possible loss of data
D:\bbb uni\tercero\sev\Stardew\Stardew\GameLayer.cpp(357,24): warning C4244: 'argument': conversion from 'float' to 'int', possible loss of data
D:\bbb uni\tercero\sev\Stardew\Stardew\GameLayer.cpp(357,15): warning C4244: 'argument': conversion from 'float' to 'int', possible loss of data
D:\bbb uni\tercero\sev\Stardew\Stardew\GameLayer.cpp(371,22): warning C4244: 'argument': conversion from 'float' to 'int', possible loss of data
D:\bbb uni\tercero\sev\Stardew\Stardew\GameLayer.cpp(371,13): warning C4244: 'argument': conversion from 'float' to 'int', possible loss of data
D:\bbb uni\tercero\sev\Stardew\Stardew\GameLayer.cpp(388,31): warning C4018: '<': signed/unsigned mismatch
D:\bbb uni\tercero\sev\Stardew\Stardew\GameLayer.cpp(405,41): warning C4244: 'argument': conversion from 'float' to 'int', possible loss of data
D:\bbb uni\tercero\sev\Stardew\Stardew\GameLayer.cpp(405,32): warning C4244: 'argument': conversion from 'float' to 'int', possible loss of data
D:\bbb uni\tercero\sev\Stardew\Stardew\GameLayer.cpp(410,49): warning C4244: 'argument': conversion from 'int' to 'float', possible loss of data
D:\bbb uni\tercero\sev\Stardew\Stardew\GameLayer.cpp(410,46): warning C4244: 'argument': conversion from 'int' to 'float', possible loss of data
D:\bbb uni\tercero\sev\Stardew\Stardew\GameLayer.cpp(412,44): warning C4244: 'argument': conversion from 'float' to 'int', possible loss of data
D:\bbb uni\tercero\sev\Stardew\Stardew\GameLayer.cpp(412,34): warning C4244: 'argument': conversion from 'float' to 'int', possible loss of data
D:\bbb uni\tercero\sev\Stardew\Stardew\GameLayer.cpp(424,24): warning C4244: '=': conversion from 'double' to 'float', possible loss of data
D:\bbb uni\tercero\sev\Stardew\Stardew\GameLayer.cpp(427,24): warning C4244: '=': conversion from 'double' to 'float', possible loss of data
D:\bbb uni\tercero\sev\Stardew\Stardew\GameLayer.cpp(434,24): warning C4244: '=': conversion from 'double' to 'float', possible loss of data
D:\bbb uni\tercero\sev\Stardew\Stardew\GameLayer.cpp(437,24): warning C4244: '=': conversion from 'double' to 'float', possible loss of data
  Gloves.cpp
  Hoe.cpp
  Pepper.cpp
  Player.cpp
D:\bbb uni\tercero\sev\Stardew\Stardew\Player.cpp(147,18): warning C4244: '=': conversion from 'float' to 'int', possible loss of data
D:\bbb uni\tercero\sev\Stardew\Stardew\Player.cpp(148,18): warning C4244: '=': conversion from 'float' to 'int', possible loss of data
  Potato.cpp
  SeedSeller.cpp
  Space.cpp
  Tile.cpp
D:\bbb uni\tercero\sev\Stardew\Stardew\Tile.cpp(4,22): warning C4244: 'argument': conversion from 'int' to 'float', possible loss of data
D:\bbb uni\tercero\sev\Stardew\Stardew\Tile.cpp(4,19): warning C4244: 'argument': conversion from 'int' to 'float', possible loss of data
  Generating Code...
  Compiling...
  Tomato.cpp
  Tool.cpp
  ToolFactory.cpp
  Water.cpp
  Generating Code...
  LINK : D:\bbb uni\tercero\sev\Stardew\Debug\Stardew.exe not found or not built by the last incremental link; performing full link
  Stardew.vcxproj -> D:\bbb uni\tercero\sev\Stardew\Debug\Stardew.exe
